<?xml version="1.0" encoding="UTF-8"?>
<testng-results ignored="0" total="1" passed="1" failed="0" skipped="0">
  <reporter-output>
  </reporter-output>
  <suite started-at="2022-11-10T16:10:33 IST" name="Default suite" finished-at="2022-11-10T16:10:42 IST" duration-ms="9306">
    <groups>
    </groups>
    <test started-at="2022-11-10T16:10:33 IST" name="Default test" finished-at="2022-11-10T16:10:42 IST" duration-ms="9306">
      <class name="Assignment3.TestNGAss2">
        <test-method is-config="true" signature="InitializeBrowser()[pri:0, instance:Assignment3.TestNGAss2@44ebcd03]" started-at="2022-11-10T16:10:33 IST" name="InitializeBrowser" finished-at="2022-11-10T16:10:39 IST" duration-ms="5918" status="PASS">
          <reporter-output>
          </reporter-output>
        </test-method> <!-- InitializeBrowser -->
        <test-method signature="LoginPage(java.lang.String,java.lang.String,java.lang.String)[pri:0, instance:Assignment3.TestNGAss2@44ebcd03]" started-at="2022-11-10T16:10:39 IST" name="LoginPage" data-provider="LoginCredentials" finished-at="2022-11-10T16:10:39 IST" duration-ms="222" status="PASS">
          <params>
            <param index="0">
              <value>
                <![CDATA[valid]]>
              </value>
            </param>
            <param index="1">
              <value>
                <![CDATA[Testuser@gmail.com]]>
              </value>
            </param>
            <param index="2">
              <value>
                <![CDATA[testuser1]]>
              </value>
            </param>
          </params>
          <reporter-output>
          </reporter-output>
        </test-method> <!-- LoginPage -->
        <test-method is-config="true" signature="QuitDriver()[pri:0, instance:Assignment3.TestNGAss2@44ebcd03]" started-at="2022-11-10T16:10:39 IST" name="QuitDriver" finished-at="2022-11-10T16:10:42 IST" duration-ms="3136" status="PASS">
          <reporter-output>
          </reporter-output>
        </test-method> <!-- QuitDriver -->
      </class> <!-- Assignment3.TestNGAss2 -->
    </test> <!-- Default test -->
  </suite> <!-- Default suite -->
</testng-results>
